# JRE version: Java(TM) SE Runtime Environment (8.0_121-b13) (build 1.8.0_121-b13)
# Java VM: Java HotSpot(TM) 64-Bit Server VM (25.121-b13 mixed mode windows-amd64 compressed oops)
Heap:
 PSYoungGen      total 438272K, used 415744K [0x00000000e0000000, 0x00000000fc200000, 0x0000000100000000)
  eden space 415744K, 100% used [0x00000000e0000000,0x00000000f9600000,0x00000000f9600000)
  from space 22528K, 0% used [0x00000000fac00000,0x00000000fac00000,0x00000000fc200000)
  to   space 22528K, 15% used [0x00000000f9600000,0x00000000f9980000,0x00000000fac00000)
 ParOldGen       total 82432K, used 38087K [0x00000000a0000000, 0x00000000a5080000, 0x00000000e0000000)
  object space 82432K, 46% used [0x00000000a0000000,0x00000000a2531d40,0x00000000a5080000)
 Metaspace       used 68030K, capacity 70714K, committed 71936K, reserved 1112064K
  class space    used 8810K, capacity 9194K, committed 9472K, reserved 1048576K
GC Heap History (10 events):
Event: 2329.931 GC heap after
Heap after GC invocations=25 (full 5):
 PSYoungGen      total 388096K, used 10252K [0x00000000e0000000, 0x00000000f9300000, 0x0000000100000000)
  eden space 366592K, 0% used [0x00000000e0000000,0x00000000e0000000,0x00000000f6600000)
  from space 21504K, 47% used [0x00000000f7e00000,0x00000000f8803270,0x00000000f9300000)
  to   space 23040K, 0% used [0x00000000f6600000,0x00000000f6600000,0x00000000f7c80000)
 ParOldGen       total 82432K, used 31339K [0x00000000a0000000, 0x00000000a5080000, 0x00000000e0000000)
  object space 82432K, 38% used [0x00000000a0000000,0x00000000a1e9ae98,0x00000000a5080000)
 Metaspace       used 67305K, capacity 69562K, committed 71424K, reserved 1112064K
  class space    used 8735K, capacity 9088K, committed 9472K, reserved 1048576K
}
Event: 2329.931 GC heap before
{Heap before GC invocations=26 (full 6):
 PSYoungGen      total 388096K, used 10252K [0x00000000e0000000, 0x00000000f9300000, 0x0000000100000000)
  eden space 366592K, 0% used [0x00000000e0000000,0x00000000e0000000,0x00000000f6600000)
  from space 21504K, 47% used [0x00000000f7e00000,0x00000000f8803270,0x00000000f9300000)
  to   space 23040K, 0% used [0x00000000f6600000,0x00000000f6600000,0x00000000f7c80000)
 ParOldGen       total 82432K, used 31339K [0x00000000a0000000, 0x00000000a5080000, 0x00000000e0000000)
  object space 82432K, 38% used [0x00000000a0000000,0x00000000a1e9ae98,0x00000000a5080000)
 Metaspace       used 67305K, capacity 69562K, committed 71424K, reserved 1112064K
  class space    used 8735K, capacity 9088K, committed 9472K, reserved 1048576K
Event: 2330.421 GC heap after
Heap after GC invocations=26 (full 6):
 PSYoungGen      total 388096K, used 0K [0x00000000e0000000, 0x00000000f9300000, 0x0000000100000000)
  eden space 366592K, 0% used [0x00000000e0000000,0x00000000e0000000,0x00000000f6600000)
  from space 21504K, 0% used [0x00000000f7e00000,0x00000000f7e00000,0x00000000f9300000)
  to   space 23040K, 0% used [0x00000000f6600000,0x00000000f6600000,0x00000000f7c80000)
 ParOldGen       total 82432K, used 40777K [0x00000000a0000000, 0x00000000a5080000, 0x00000000e0000000)
  object space 82432K, 49% used [0x00000000a0000000,0x00000000a27d2610,0x00000000a5080000)
 Metaspace       used 67305K, capacity 69562K, committed 71424K, reserved 1112064K
  class space    used 8735K, capacity 9088K, committed 9472K, reserved 1048576K
}
Event: 2476.889 GC heap before
{Heap before GC invocations=27 (full 6):
 PSYoungGen      total 388096K, used 366276K [0x00000000e0000000, 0x00000000f9300000, 0x0000000100000000)
  eden space 366592K, 99% used [0x00000000e0000000,0x00000000f65b1340,0x00000000f6600000)
  from space 21504K, 0% used [0x00000000f7e00000,0x00000000f7e00000,0x00000000f9300000)
  to   space 23040K, 0% used [0x00000000f6600000,0x00000000f6600000,0x00000000f7c80000)
 ParOldGen       total 82432K, used 40777K [0x00000000a0000000, 0x00000000a5080000, 0x00000000e0000000)
  object space 82432K, 49% used [0x00000000a0000000,0x00000000a27d2610,0x00000000a5080000)
 Metaspace       used 67550K, capacity 69906K, committed 71424K, reserved 1112064K
  class space    used 8760K, capacity 9126K, committed 9472K, reserved 1048576K
Event: 2476.899 GC heap after
Heap after GC invocations=27 (full 6):
 PSYoungGen      total 389632K, used 6059K [0x00000000e0000000, 0x00000000fc200000, 0x0000000100000000)
  eden space 366592K, 0% used [0x00000000e0000000,0x00000000e0000000,0x00000000f6600000)
  from space 23040K, 26% used [0x00000000f6600000,0x00000000f6bead30,0x00000000f7c80000)
  to   space 22528K, 0% used [0x00000000fac00000,0x00000000fac00000,0x00000000fc200000)
 ParOldGen       total 82432K, used 40785K [0x00000000a0000000, 0x00000000a5080000, 0x00000000e0000000)
  object space 82432K, 49% used [0x00000000a0000000,0x00000000a27d4610,0x00000000a5080000)
 Metaspace       used 67550K, capacity 69906K, committed 71424K, reserved 1112064K
  class space    used 8760K, capacity 9126K, committed 9472K, reserved 1048576K
}
Event: 2478.016 GC heap before
{Heap before GC invocations=28 (full 6):
 PSYoungGen      total 389632K, used 56648K [0x00000000e0000000, 0x00000000fc200000, 0x0000000100000000)
  eden space 366592K, 13% used [0x00000000e0000000,0x00000000e3167458,0x00000000f6600000)
  from space 23040K, 26% used [0x00000000f6600000,0x00000000f6bead30,0x00000000f7c80000)
  to   space 22528K, 0% used [0x00000000fac00000,0x00000000fac00000,0x00000000fc200000)
 ParOldGen       total 82432K, used 40785K [0x00000000a0000000, 0x00000000a5080000, 0x00000000e0000000)
  object space 82432K, 49% used [0x00000000a0000000,0x00000000a27d4610,0x00000000a5080000)
 Metaspace       used 67552K, capacity 69914K, committed 71424K, reserved 1112064K
  class space    used 8760K, capacity 9126K, committed 9472K, reserved 1048576K
Event: 2478.021 GC heap after
Heap after GC invocations=28 (full 6):
 PSYoungGen      total 438272K, used 784K [0x00000000e0000000, 0x00000000fc200000, 0x0000000100000000)
  eden space 415744K, 0% used [0x00000000e0000000,0x00000000e0000000,0x00000000f9600000)
  from space 22528K, 3% used [0x00000000fac00000,0x00000000facc4010,0x00000000fc200000)
  to   space 22528K, 0% used [0x00000000f9600000,0x00000000f9600000,0x00000000fac00000)
 ParOldGen       total 82432K, used 40793K [0x00000000a0000000, 0x00000000a5080000, 0x00000000e0000000)
  object space 82432K, 49% used [0x00000000a0000000,0x00000000a27d6610,0x00000000a5080000)
 Metaspace       used 67552K, capacity 69914K, committed 71424K, reserved 1112064K
  class space    used 8760K, capacity 9126K, committed 9472K, reserved 1048576K
}
Event: 2478.021 GC heap before
{Heap before GC invocations=29 (full 7):
 PSYoungGen      total 438272K, used 784K [0x00000000e0000000, 0x00000000fc200000, 0x0000000100000000)
  eden space 415744K, 0% used [0x00000000e0000000,0x00000000e0000000,0x00000000f9600000)
  from space 22528K, 3% used [0x00000000fac00000,0x00000000facc4010,0x00000000fc200000)
  to   space 22528K, 0% used [0x00000000f9600000,0x00000000f9600000,0x00000000fac00000)
 ParOldGen       total 82432K, used 40793K [0x00000000a0000000, 0x00000000a5080000, 0x00000000e0000000)
  object space 82432K, 49% used [0x00000000a0000000,0x00000000a27d6610,0x00000000a5080000)
 Metaspace       used 67552K, capacity 69914K, committed 71424K, reserved 1112064K
  class space    used 8760K, capacity 9126K, committed 9472K, reserved 1048576K
Event: 2478.354 GC heap after
Heap after GC invocations=29 (full 7):
 PSYoungGen      total 438272K, used 0K [0x00000000e0000000, 0x00000000fc200000, 0x0000000100000000)
  eden space 415744K, 0% used [0x00000000e0000000,0x00000000e0000000,0x00000000f9600000)
  from space 22528K, 0% used [0x00000000fac00000,0x00000000fac00000,0x00000000fc200000)
  to   space 22528K, 0% used [0x00000000f9600000,0x00000000f9600000,0x00000000fac00000)
 ParOldGen       total 82432K, used 38079K [0x00000000a0000000, 0x00000000a5080000, 0x00000000e0000000)
  object space 82432K, 46% used [0x00000000a0000000,0x00000000a252fd40,0x00000000a5080000)
 Metaspace       used 67552K, capacity 69914K, committed 71424K, reserved 1112064K
  class space    used 8760K, capacity 9126K, committed 9472K, reserved 1048576K
}
Event: 2644.635 GC heap before
{Heap before GC invocations=30 (full 7):
 PSYoungGen      total 438272K, used 415744K [0x00000000e0000000, 0x00000000fc200000, 0x0000000100000000)
  eden space 415744K, 100% used [0x00000000e0000000,0x00000000f9600000,0x00000000f9600000)
  from space 22528K, 0% used [0x00000000fac00000,0x00000000fac00000,0x00000000fc200000)
  to   space 22528K, 0% used [0x00000000f9600000,0x00000000f9600000,0x00000000fac00000)
 ParOldGen       total 82432K, used 38079K [0x00000000a0000000, 0x00000000a5080000, 0x00000000e0000000)
  object space 82432K, 46% used [0x00000000a0000000,0x00000000a252fd40,0x00000000a5080000)
 Metaspace       used 68030K, capacity 70714K, committed 71936K, reserved 1112064K
  class space    used 8810K, capacity 9194K, committed 9472K, reserved 1048576K

