# JRE version: Java(TM) SE Runtime Environment (8.0_121-b13) (build 1.8.0_121-b13)
# Java VM: Java HotSpot(TM) 64-Bit Server VM (25.121-b13 mixed mode windows-amd64 compressed oops)
Heap:
 PSYoungGen      total 161792K, used 80910K [0x00000000e0000000, 0x00000000eb100000, 0x0000000100000000)
  eden space 145408K, 55% used [0x00000000e0000000,0x00000000e4f03aa8,0x00000000e8e00000)
  from space 16384K, 0% used [0x00000000e9e00000,0x00000000e9e00000,0x00000000eae00000)
  to   space 16384K, 0% used [0x00000000e8e00000,0x00000000e8e00000,0x00000000e9e00000)
 ParOldGen       total 68608K, used 28097K [0x00000000a0000000, 0x00000000a4300000, 0x00000000e0000000)
  object space 68608K, 40% used [0x00000000a0000000,0x00000000a1b70538,0x00000000a4300000)
 Metaspace       used 52682K, capacity 54324K, committed 54656K, reserved 1095680K
  class space    used 7100K, capacity 7434K, committed 7552K, reserved 1048576K
GC Heap History (10 events):
Event: 77.065 GC heap before
{Heap before GC invocations=13 (full 2):
 PSYoungGen      total 99840K, used 94016K [0x00000000e0000000, 0x00000000e7380000, 0x0000000100000000)
  eden space 91648K, 100% used [0x00000000e0000000,0x00000000e5980000,0x00000000e5980000)
  from space 8192K, 28% used [0x00000000e6200000,0x00000000e6450000,0x00000000e6a00000)
  to   space 8704K, 0% used [0x00000000e5980000,0x00000000e5980000,0x00000000e6200000)
 ParOldGen       total 37888K, used 11731K [0x00000000a0000000, 0x00000000a2500000, 0x00000000e0000000)
  object space 37888K, 30% used [0x00000000a0000000,0x00000000a0b74fb0,0x00000000a2500000)
 Metaspace       used 36548K, capacity 37450K, committed 37760K, reserved 1081344K
  class space    used 5001K, capacity 5233K, committed 5248K, reserved 1048576K
Event: 77.082 GC heap after
Heap after GC invocations=13 (full 2):
 PSYoungGen      total 100352K, used 8703K [0x00000000e0000000, 0x00000000e8480000, 0x0000000100000000)
  eden space 91648K, 0% used [0x00000000e0000000,0x00000000e0000000,0x00000000e5980000)
  from space 8704K, 99% used [0x00000000e5980000,0x00000000e61ffd60,0x00000000e6200000)
  to   space 10752K, 0% used [0x00000000e7a00000,0x00000000e7a00000,0x00000000e8480000)
 ParOldGen       total 37888K, used 14654K [0x00000000a0000000, 0x00000000a2500000, 0x00000000e0000000)
  object space 37888K, 38% used [0x00000000a0000000,0x00000000a0e4f9b8,0x00000000a2500000)
 Metaspace       used 36548K, capacity 37450K, committed 37760K, reserved 1081344K
  class space    used 5001K, capacity 5233K, committed 5248K, reserved 1048576K
}
Event: 87.113 GC heap before
{Heap before GC invocations=14 (full 2):
 PSYoungGen      total 100352K, used 100351K [0x00000000e0000000, 0x00000000e8480000, 0x0000000100000000)
  eden space 91648K, 100% used [0x00000000e0000000,0x00000000e5980000,0x00000000e5980000)
  from space 8704K, 99% used [0x00000000e5980000,0x00000000e61ffd60,0x00000000e6200000)
  to   space 10752K, 0% used [0x00000000e7a00000,0x00000000e7a00000,0x00000000e8480000)
 ParOldGen       total 37888K, used 14654K [0x00000000a0000000, 0x00000000a2500000, 0x00000000e0000000)
  object space 37888K, 38% used [0x00000000a0000000,0x00000000a0e4f9b8,0x00000000a2500000)
 Metaspace       used 42520K, capacity 43518K, committed 43648K, reserved 1087488K
  class space    used 5796K, capacity 6009K, committed 6016K, reserved 1048576K
Event: 87.321 GC heap after
Heap after GC invocations=14 (full 2):
 PSYoungGen      total 122880K, used 10723K [0x00000000e0000000, 0x00000000e9080000, 0x0000000100000000)
  eden space 112128K, 0% used [0x00000000e0000000,0x00000000e0000000,0x00000000e6d80000)
  from space 10752K, 99% used [0x00000000e7a00000,0x00000000e8478db8,0x00000000e8480000)
  to   space 12800K, 0% used [0x00000000e6d80000,0x00000000e6d80000,0x00000000e7a00000)
 ParOldGen       total 37888K, used 16576K [0x00000000a0000000, 0x00000000a2500000, 0x00000000e0000000)
  object space 37888K, 43% used [0x00000000a0000000,0x00000000a10302e8,0x00000000a2500000)
 Metaspace       used 42520K, capacity 43518K, committed 43648K, reserved 1087488K
  class space    used 5796K, capacity 6009K, committed 6016K, reserved 1048576K
}
Event: 163.585 GC heap before
{Heap before GC invocations=15 (full 2):
 PSYoungGen      total 122880K, used 122851K [0x00000000e0000000, 0x00000000e9080000, 0x0000000100000000)
  eden space 112128K, 100% used [0x00000000e0000000,0x00000000e6d80000,0x00000000e6d80000)
  from space 10752K, 99% used [0x00000000e7a00000,0x00000000e8478db8,0x00000000e8480000)
  to   space 12800K, 0% used [0x00000000e6d80000,0x00000000e6d80000,0x00000000e7a00000)
 ParOldGen       total 37888K, used 16576K [0x00000000a0000000, 0x00000000a2500000, 0x00000000e0000000)
  object space 37888K, 43% used [0x00000000a0000000,0x00000000a10302e8,0x00000000a2500000)
 Metaspace       used 47939K, capacity 49428K, committed 49664K, reserved 1091584K
  class space    used 6549K, capacity 6846K, committed 6912K, reserved 1048576K
Event: 163.644 GC heap after
Heap after GC invocations=15 (full 2):
 PSYoungGen      total 124928K, used 12772K [0x00000000e0000000, 0x00000000eae00000, 0x0000000100000000)
  eden space 112128K, 0% used [0x00000000e0000000,0x00000000e0000000,0x00000000e6d80000)
  from space 12800K, 99% used [0x00000000e6d80000,0x00000000e79f9358,0x00000000e7a00000)
  to   space 16384K, 0% used [0x00000000e9e00000,0x00000000e9e00000,0x00000000eae00000)
 ParOldGen       total 37888K, used 21517K [0x00000000a0000000, 0x00000000a2500000, 0x00000000e0000000)
  object space 37888K, 56% used [0x00000000a0000000,0x00000000a1503520,0x00000000a2500000)
 Metaspace       used 47939K, capacity 49428K, committed 49664K, reserved 1091584K
  class space    used 6549K, capacity 6846K, committed 6912K, reserved 1048576K
}
Event: 165.811 GC heap before
{Heap before GC invocations=16 (full 2):
 PSYoungGen      total 124928K, used 102570K [0x00000000e0000000, 0x00000000eae00000, 0x0000000100000000)
  eden space 112128K, 80% used [0x00000000e0000000,0x00000000e57b1710,0x00000000e6d80000)
  from space 12800K, 99% used [0x00000000e6d80000,0x00000000e79f9358,0x00000000e7a00000)
  to   space 16384K, 0% used [0x00000000e9e00000,0x00000000e9e00000,0x00000000eae00000)
 ParOldGen       total 37888K, used 21517K [0x00000000a0000000, 0x00000000a2500000, 0x00000000e0000000)
  object space 37888K, 56% used [0x00000000a0000000,0x00000000a1503520,0x00000000a2500000)
 Metaspace       used 48816K, capacity 50310K, committed 50348K, reserved 1093632K
  class space    used 6616K, capacity 6903K, committed 6912K, reserved 1048576K
Event: 165.836 GC heap after
Heap after GC invocations=16 (full 2):
 PSYoungGen      total 161792K, used 9137K [0x00000000e0000000, 0x00000000eb100000, 0x0000000100000000)
  eden space 145408K, 0% used [0x00000000e0000000,0x00000000e0000000,0x00000000e8e00000)
  from space 16384K, 55% used [0x00000000e9e00000,0x00000000ea6ec740,0x00000000eae00000)
  to   space 16384K, 0% used [0x00000000e8e00000,0x00000000e8e00000,0x00000000e9e00000)
 ParOldGen       total 37888K, used 29004K [0x00000000a0000000, 0x00000000a2500000, 0x00000000e0000000)
  object space 37888K, 76% used [0x00000000a0000000,0x00000000a1c533b0,0x00000000a2500000)
 Metaspace       used 48816K, capacity 50310K, committed 50348K, reserved 1093632K
  class space    used 6616K, capacity 6903K, committed 6912K, reserved 1048576K
}
Event: 165.836 GC heap before
{Heap before GC invocations=17 (full 3):
 PSYoungGen      total 161792K, used 9137K [0x00000000e0000000, 0x00000000eb100000, 0x0000000100000000)
  eden space 145408K, 0% used [0x00000000e0000000,0x00000000e0000000,0x00000000e8e00000)
  from space 16384K, 55% used [0x00000000e9e00000,0x00000000ea6ec740,0x00000000eae00000)
  to   space 16384K, 0% used [0x00000000e8e00000,0x00000000e8e00000,0x00000000e9e00000)
 ParOldGen       total 37888K, used 29004K [0x00000000a0000000, 0x00000000a2500000, 0x00000000e0000000)
  object space 37888K, 76% used [0x00000000a0000000,0x00000000a1c533b0,0x00000000a2500000)
 Metaspace       used 48816K, capacity 50310K, committed 50348K, reserved 1093632K
  class space    used 6616K, capacity 6903K, committed 6912K, reserved 1048576K
Event: 166.139 GC heap after
Heap after GC invocations=17 (full 3):
 PSYoungGen      total 161792K, used 0K [0x00000000e0000000, 0x00000000eb100000, 0x0000000100000000)
  eden space 145408K, 0% used [0x00000000e0000000,0x00000000e0000000,0x00000000e8e00000)
  from space 16384K, 0% used [0x00000000e9e00000,0x00000000e9e00000,0x00000000eae00000)
  to   space 16384K, 0% used [0x00000000e8e00000,0x00000000e8e00000,0x00000000e9e00000)
 ParOldGen       total 68608K, used 28097K [0x00000000a0000000, 0x00000000a4300000, 0x00000000e0000000)
  object space 68608K, 40% used [0x00000000a0000000,0x00000000a1b70538,0x00000000a4300000)
 Metaspace       used 48816K, capacity 50310K, committed 50348K, reserved 1093632K
  class space    used 6616K, capacity 6903K, committed 6912K, reserved 1048576K
}

