# JRE version: Java(TM) SE Runtime Environment (8.0_121-b13) (build 1.8.0_121-b13)
# Java VM: Java HotSpot(TM) 64-Bit Server VM (25.121-b13 mixed mode windows-amd64 compressed oops)
Heap:
 PSYoungGen      total 442368K, used 145336K [0x00000000e0000000, 0x0000000100000000, 0x0000000100000000)
  eden space 370176K, 35% used [0x00000000e0000000,0x00000000e81e42e8,0x00000000f6980000)
  from space 72192K, 17% used [0x00000000fad80000,0x00000000fb989ff0,0x00000000ff400000)
  to   space 69632K, 0% used [0x00000000f6980000,0x00000000f6980000,0x00000000fad80000)
 ParOldGen       total 181248K, used 48617K [0x00000000a0000000, 0x00000000ab100000, 0x00000000e0000000)
  object space 181248K, 26% used [0x00000000a0000000,0x00000000a2f7a6a8,0x00000000ab100000)
 Metaspace       used 70970K, capacity 74086K, committed 74240K, reserved 1114112K
  class space    used 9314K, capacity 9886K, committed 9984K, reserved 1048576K
GC Heap History (10 events):
Event: 5836.783 GC heap before
{Heap before GC invocations=31 (full 7):
 PSYoungGen      total 348672K, used 50677K [0x00000000e0000000, 0x00000000fbf00000, 0x0000000100000000)
  eden space 297984K, 0% used [0x00000000e0000000,0x00000000e0000000,0x00000000f2300000)
  from space 50688K, 99% used [0x00000000f6500000,0x00000000f967d660,0x00000000f9680000)
  to   space 67584K, 0% used [0x00000000f2300000,0x00000000f2300000,0x00000000f6500000)
 ParOldGen       total 104960K, used 104959K [0x00000000a0000000, 0x00000000a6680000, 0x00000000e0000000)
  object space 104960K, 99% used [0x00000000a0000000,0x00000000a667ff38,0x00000000a6680000)
 Metaspace       used 68176K, capacity 70928K, committed 71296K, reserved 1112064K
  class space    used 8953K, capacity 9495K, committed 9600K, reserved 1048576K
Event: 5838.156 GC heap after
Heap after GC invocations=31 (full 7):
 PSYoungGen      total 348672K, used 35066K [0x00000000e0000000, 0x00000000fbf00000, 0x0000000100000000)
  eden space 297984K, 0% used [0x00000000e0000000,0x00000000e0000000,0x00000000f2300000)
  from space 50688K, 69% used [0x00000000f6500000,0x00000000f873e938,0x00000000f9680000)
  to   space 67584K, 0% used [0x00000000f2300000,0x00000000f2300000,0x00000000f6500000)
 ParOldGen       total 181248K, used 104580K [0x00000000a0000000, 0x00000000ab100000, 0x00000000e0000000)
  object space 181248K, 57% used [0x00000000a0000000,0x00000000a66210f8,0x00000000ab100000)
 Metaspace       used 68176K, capacity 70928K, committed 71296K, reserved 1112064K
  class space    used 8953K, capacity 9495K, committed 9600K, reserved 1048576K
}
Event: 5840.167 GC heap before
{Heap before GC invocations=32 (full 7):
 PSYoungGen      total 348672K, used 333050K [0x00000000e0000000, 0x00000000fbf00000, 0x0000000100000000)
  eden space 297984K, 100% used [0x00000000e0000000,0x00000000f2300000,0x00000000f2300000)
  from space 50688K, 69% used [0x00000000f6500000,0x00000000f873e938,0x00000000f9680000)
  to   space 67584K, 0% used [0x00000000f2300000,0x00000000f2300000,0x00000000f6500000)
 ParOldGen       total 181248K, used 104580K [0x00000000a0000000, 0x00000000ab100000, 0x00000000e0000000)
  object space 181248K, 57% used [0x00000000a0000000,0x00000000a66210f8,0x00000000ab100000)
 Metaspace       used 68211K, capacity 70992K, committed 71296K, reserved 1112064K
  class space    used 8953K, capacity 9495K, committed 9600K, reserved 1048576K
Event: 5840.324 GC heap after
Heap after GC invocations=32 (full 7):
 PSYoungGen      total 365568K, used 56287K [0x00000000e0000000, 0x00000000fff80000, 0x0000000100000000)
  eden space 297984K, 0% used [0x00000000e0000000,0x00000000e0000000,0x00000000f2300000)
  from space 67584K, 83% used [0x00000000f2300000,0x00000000f59f7c50,0x00000000f6500000)
  to   space 75264K, 0% used [0x00000000fb600000,0x00000000fb600000,0x00000000fff80000)
 ParOldGen       total 181248K, used 109484K [0x00000000a0000000, 0x00000000ab100000, 0x00000000e0000000)
  object space 181248K, 60% used [0x00000000a0000000,0x00000000a6aeb118,0x00000000ab100000)
 Metaspace       used 68211K, capacity 70992K, committed 71296K, reserved 1112064K
  class space    used 8953K, capacity 9495K, committed 9600K, reserved 1048576K
}
Event: 5846.178 GC heap before
{Heap before GC invocations=33 (full 7):
 PSYoungGen      total 365568K, used 353371K [0x00000000e0000000, 0x00000000fff80000, 0x0000000100000000)
  eden space 297984K, 99% used [0x00000000e0000000,0x00000000f221f2c8,0x00000000f2300000)
  from space 67584K, 83% used [0x00000000f2300000,0x00000000f59f7c50,0x00000000f6500000)
  to   space 75264K, 0% used [0x00000000fb600000,0x00000000fb600000,0x00000000fff80000)
 ParOldGen       total 181248K, used 109484K [0x00000000a0000000, 0x00000000ab100000, 0x00000000e0000000)
  object space 181248K, 60% used [0x00000000a0000000,0x00000000a6aeb118,0x00000000ab100000)
 Metaspace       used 70375K, capacity 73344K, committed 73600K, reserved 1114112K
  class space    used 9253K, capacity 9793K, committed 9856K, reserved 1048576K
Event: 5846.272 GC heap after
Heap after GC invocations=33 (full 7):
 PSYoungGen      total 432128K, used 14332K [0x00000000e0000000, 0x00000000ff500000, 0x0000000100000000)
  eden space 367616K, 0% used [0x00000000e0000000,0x00000000e0000000,0x00000000f6700000)
  from space 64512K, 22% used [0x00000000fb600000,0x00000000fc3ff048,0x00000000ff500000)
  to   space 72704K, 0% used [0x00000000f6700000,0x00000000f6700000,0x00000000fae00000)
 ParOldGen       total 181248K, used 145155K [0x00000000a0000000, 0x00000000ab100000, 0x00000000e0000000)
  object space 181248K, 80% used [0x00000000a0000000,0x00000000a8dc0f80,0x00000000ab100000)
 Metaspace       used 70375K, capacity 73344K, committed 73600K, reserved 1114112K
  class space    used 9253K, capacity 9793K, committed 9856K, reserved 1048576K
}
Event: 5847.695 GC heap before
{Heap before GC invocations=34 (full 7):
 PSYoungGen      total 432128K, used 125070K [0x00000000e0000000, 0x00000000ff500000, 0x0000000100000000)
  eden space 367616K, 30% used [0x00000000e0000000,0x00000000e6c24ba8,0x00000000f6700000)
  from space 64512K, 22% used [0x00000000fb600000,0x00000000fc3ff048,0x00000000ff500000)
  to   space 72704K, 0% used [0x00000000f6700000,0x00000000f6700000,0x00000000fae00000)
 ParOldGen       total 181248K, used 145155K [0x00000000a0000000, 0x00000000ab100000, 0x00000000e0000000)
  object space 181248K, 80% used [0x00000000a0000000,0x00000000a8dc0f80,0x00000000ab100000)
 Metaspace       used 70464K, capacity 73404K, committed 73728K, reserved 1114112K
  class space    used 9272K, capacity 9831K, committed 9984K, reserved 1048576K
Event: 5847.715 GC heap after
Heap after GC invocations=34 (full 7):
 PSYoungGen      total 368128K, used 160K [0x00000000e0000000, 0x00000000ff400000, 0x0000000100000000)
  eden space 367616K, 0% used [0x00000000e0000000,0x00000000e0000000,0x00000000f6700000)
  from space 512K, 31% used [0x00000000f6700000,0x00000000f6728000,0x00000000f6780000)
  to   space 72192K, 0% used [0x00000000fad80000,0x00000000fad80000,0x00000000ff400000)
 ParOldGen       total 181248K, used 154817K [0x00000000a0000000, 0x00000000ab100000, 0x00000000e0000000)
  object space 181248K, 85% used [0x00000000a0000000,0x00000000a9730738,0x00000000ab100000)
 Metaspace       used 70464K, capacity 73404K, committed 73728K, reserved 1114112K
  class space    used 9272K, capacity 9831K, committed 9984K, reserved 1048576K
}
Event: 5847.716 GC heap before
{Heap before GC invocations=35 (full 8):
 PSYoungGen      total 368128K, used 160K [0x00000000e0000000, 0x00000000ff400000, 0x0000000100000000)
  eden space 367616K, 0% used [0x00000000e0000000,0x00000000e0000000,0x00000000f6700000)
  from space 512K, 31% used [0x00000000f6700000,0x00000000f6728000,0x00000000f6780000)
  to   space 72192K, 0% used [0x00000000fad80000,0x00000000fad80000,0x00000000ff400000)
 ParOldGen       total 181248K, used 154817K [0x00000000a0000000, 0x00000000ab100000, 0x00000000e0000000)
  object space 181248K, 85% used [0x00000000a0000000,0x00000000a9730738,0x00000000ab100000)
 Metaspace       used 70464K, capacity 73404K, committed 73728K, reserved 1114112K
  class space    used 9272K, capacity 9831K, committed 9984K, reserved 1048576K
Event: 5848.073 GC heap after
Heap after GC invocations=35 (full 8):
 PSYoungGen      total 368128K, used 0K [0x00000000e0000000, 0x00000000ff400000, 0x0000000100000000)
  eden space 367616K, 0% used [0x00000000e0000000,0x00000000e0000000,0x00000000f6700000)
  from space 512K, 0% used [0x00000000f6700000,0x00000000f6700000,0x00000000f6780000)
  to   space 72192K, 0% used [0x00000000fad80000,0x00000000fad80000,0x00000000ff400000)
 ParOldGen       total 181248K, used 48609K [0x00000000a0000000, 0x00000000ab100000, 0x00000000e0000000)
  object space 181248K, 26% used [0x00000000a0000000,0x00000000a2f786a8,0x00000000ab100000)
 Metaspace       used 70464K, capacity 73404K, committed 73728K, reserved 1114112K
  class space    used 9272K, capacity 9831K, committed 9984K, reserved 1048576K
}

